<?xml version="1.0" encoding="UTF-8"?>
<!-- Generated by org.testng.reporters.JUnitReportReporter -->
<testsuite name="Mercury.Mercury1" tests="1" time="26.158" ignored="0" failures="0" timestamp="24 Apr 2020 01:31:12 GMT" skipped="0" hostname="DESKTOP-6A0KAN1" errors="0">
  <testcase name="LoginPage" time="26.158" classname="Mercury.Mercury1"/>
</testsuite> <!-- Mercury.Mercury1 -->
