<?xml version="1.0" encoding="UTF-8"?>
<!-- Generated by org.testng.reporters.JUnitReportReporter -->
<testsuite name="BasicWeb.Test1" tests="1" time="88.553" ignored="0" failures="0" timestamp="23 Apr 2020 18:07:59 GMT" skipped="0" hostname="DESKTOP-6A0KAN1" errors="0">
  <testcase name="Banklogin1" time="88.553" classname="BasicWeb.Test1"/>
</testsuite> <!-- BasicWeb.Test1 -->
